[debug] [2021-09-11T13:40:47.214Z] ----------------------------------------------------------------------
[debug] [2021-09-11T13:40:47.218Z] Command:       C:\Program Files\nodejs\node.exe C:\Users\USER\AppData\Roaming\npm\node_modules\firebase-tools\lib\bin\firebase.js init
[debug] [2021-09-11T13:40:47.219Z] CLI Version:   9.9.0
[debug] [2021-09-11T13:40:47.219Z] Platform:      win32
[debug] [2021-09-11T13:40:47.219Z] Node Version:  v14.17.5
[debug] [2021-09-11T13:40:47.220Z] Time:          Sat Sep 11 2021 19:40:47 GMT+0600 (Bangladesh Standard Time)
[debug] [2021-09-11T13:40:47.220Z] ----------------------------------------------------------------------
[debug] 
[debug] [2021-09-11T13:40:47.224Z] >>> [apiv2][query] GET https://firebase-public.firebaseio.com/cli.json [none]
[debug] [2021-09-11T13:40:47.255Z] > command requires scopes: ["email","openid","https://www.googleapis.com/auth/cloudplatformprojects.readonly","https://www.googleapis.com/auth/firebase","https://www.googleapis.com/auth/cloud-platform"]
[debug] [2021-09-11T13:40:47.255Z] > authorizing via signed-in user (shshakib7969@gmail.com)
[info] 
     ######## #### ########  ######## ########     ###     ######  ########
     ##        ##  ##     ## ##       ##     ##  ##   ##  ##       ##
     ######    ##  ########  ######   ########  #########  ######  ######
     ##        ##  ##    ##  ##       ##     ## ##     ##       ## ##
     ##       #### ##     ## ######## ########  ##     ##  ######  ########

You're about to initialize a Firebase project in this directory:

  G:\web__development\blog__app\blog__website

[debug] [2021-09-11T13:40:48.404Z] <<< [apiv2][status] GET https://firebase-public.firebaseio.com/cli.json 200
[debug] [2021-09-11T13:40:48.405Z] <<< [apiv2][body] GET https://firebase-public.firebaseio.com/cli.json {"cloudBuildErrorAfter":1594252800000,"cloudBuildWarnAfter":1590019200000,"defaultNode10After":1594252800000,"minVersion":"3.0.5","node8DeploysDisabledAfter":1613390400000,"node8RuntimeDisabledAfter":1615809600000,"node8WarnAfter":1600128000000}
[info] 
=== Project Setup
[info] 
[info] First, let's associate this project directory with a Firebase project.
[info] You can create multiple project aliases by running firebase use --add, 
[info] but for now we'll just set up a default project.
[info] 
[debug] [2021-09-11T13:40:59.991Z] > refreshing access token with scopes: []
[debug] [2021-09-11T13:40:59.992Z] >>> HTTP REQUEST POST https://www.googleapis.com/oauth2/v3/token  
 <request body omitted>
[debug] [2021-09-11T13:41:00.366Z] <<< HTTP RESPONSE 200 {"pragma":"no-cache","date":"Sat, 11 Sep 2021 13:41:00 GMT","expires":"Mon, 01 Jan 1990 00:00:00 GMT","cache-control":"no-cache, no-store, max-age=0, must-revalidate","content-type":"application/json; charset=utf-8","vary":"X-Origin, Referer, Origin,Accept-Encoding","server":"scaffolding on HTTPServer2","x-xss-protection":"0","x-frame-options":"SAMEORIGIN","x-content-type-options":"nosniff","alt-svc":"h3=\":443\"; ma=2592000,h3-29=\":443\"; ma=2592000,h3-T051=\":443\"; ma=2592000,h3-Q050=\":443\"; ma=2592000,h3-Q046=\":443\"; ma=2592000,h3-Q043=\":443\"; ma=2592000,quic=\":443\"; ma=2592000; v=\"46,43\"","accept-ranges":"none","transfer-encoding":"chunked"}
[debug] [2021-09-11T13:41:00.390Z] >>> [apiv2][query] GET https://firebase.googleapis.com/v1beta1/projects pageSize=100
[debug] [2021-09-11T13:41:01.223Z] <<< [apiv2][status] GET https://firebase.googleapis.com/v1beta1/projects 200
[debug] [2021-09-11T13:41:01.224Z] <<< [apiv2][body] GET https://firebase.googleapis.com/v1beta1/projects [omitted]
[debug] [2021-09-11T13:44:11.853Z] ----------------------------------------------------------------------
[debug] [2021-09-11T13:44:11.856Z] Command:       C:\Program Files\nodejs\node.exe C:\Users\USER\AppData\Roaming\npm\node_modules\firebase-tools\lib\bin\firebase.js init
[debug] [2021-09-11T13:44:11.857Z] CLI Version:   9.9.0
[debug] [2021-09-11T13:44:11.857Z] Platform:      win32
[debug] [2021-09-11T13:44:11.857Z] Node Version:  v14.17.5
[debug] [2021-09-11T13:44:11.858Z] Time:          Sat Sep 11 2021 19:44:11 GMT+0600 (Bangladesh Standard Time)
[debug] [2021-09-11T13:44:11.859Z] ----------------------------------------------------------------------
[debug] 
[debug] [2021-09-11T13:44:11.867Z] > command requires scopes: ["email","openid","https://www.googleapis.com/auth/cloudplatformprojects.readonly","https://www.googleapis.com/auth/firebase","https://www.googleapis.com/auth/cloud-platform"]
[debug] [2021-09-11T13:44:11.867Z] > authorizing via signed-in user (shshakib7969@gmail.com)
[info] 
     ######## #### ########  ######## ########     ###     ######  ########
     ##        ##  ##     ## ##       ##     ##  ##   ##  ##       ##
     ######    ##  ########  ######   ########  #########  ######  ######
     ##        ##  ##    ##  ##       ##     ## ##     ##       ## ##
     ##       #### ##     ## ######## ########  ##     ##  ######  ########

You're about to initialize a Firebase project in this directory:

  G:\web__development\blog__app\blog__website

[info] 
=== Project Setup
[info] 
[info] First, let's associate this project directory with a Firebase project.
[info] You can create multiple project aliases by running firebase use --add, 
[info] but for now we'll just set up a default project.
[info] 
[debug] [2021-09-11T13:44:27.094Z] >>> [apiv2][query] GET https://firebase.googleapis.com/v1beta1/projects pageSize=100
[debug] [2021-09-11T13:44:27.986Z] <<< [apiv2][status] GET https://firebase.googleapis.com/v1beta1/projects 200
[debug] [2021-09-11T13:44:27.986Z] <<< [apiv2][body] GET https://firebase.googleapis.com/v1beta1/projects [omitted]
